2020/06/27 08:29:05 [emerg] 6#6: open() "/var/www/html/log/backend-access.log" failed (2: No such file or directory)
2020/06/27 08:29:06 [emerg] 6#6: open() "/var/www/html/log/backend-access.log" failed (2: No such file or directory)
2020/06/27 08:29:07 [emerg] 6#6: open() "/var/www/html/log/backend-access.log" failed (2: No such file or directory)
2020/06/27 08:29:08 [emerg] 6#6: open() "/var/www/html/log/backend-access.log" failed (2: No such file or directory)
2020/06/27 08:29:10 [emerg] 6#6: open() "/var/www/html/log/backend-access.log" failed (2: No such file or directory)
2020/06/27 08:29:13 [emerg] 6#6: open() "/var/www/html/log/backend-access.log" failed (2: No such file or directory)
2020/06/27 08:29:17 [emerg] 6#6: open() "/var/www/html/log/backend-access.log" failed (2: No such file or directory)
2020/06/27 08:29:24 [emerg] 6#6: open() "/var/www/html/log/backend-access.log" failed (2: No such file or directory)
2020/06/27 08:29:38 [emerg] 6#6: open() "/var/www/html/log/backend-access.log" failed (2: No such file or directory)
2020/06/27 08:30:05 [emerg] 6#6: open() "/var/www/html/log/backend-access.log" failed (2: No such file or directory)
2020/06/27 08:30:57 [emerg] 6#6: open() "/var/www/html/log/backend-access.log" failed (2: No such file or directory)
2020/06/27 08:54:55 [emerg] 17#17: bind() to 0.0.0.0:80 failed (98: Address in use)
2020/06/27 08:54:55 [emerg] 17#17: bind() to [::]:80 failed (98: Address in use)
2020/06/27 08:54:55 [emerg] 17#17: bind() to 0.0.0.0:80 failed (98: Address in use)
2020/06/27 08:54:55 [emerg] 17#17: bind() to [::]:80 failed (98: Address in use)
2020/06/27 08:54:55 [emerg] 17#17: bind() to 0.0.0.0:80 failed (98: Address in use)
2020/06/27 08:54:55 [emerg] 17#17: bind() to [::]:80 failed (98: Address in use)
2020/06/27 08:54:55 [emerg] 17#17: bind() to 0.0.0.0:80 failed (98: Address in use)
2020/06/27 08:54:55 [emerg] 17#17: bind() to [::]:80 failed (98: Address in use)
2020/06/27 08:54:55 [emerg] 17#17: bind() to 0.0.0.0:80 failed (98: Address in use)
2020/06/27 08:54:55 [emerg] 17#17: bind() to [::]:80 failed (98: Address in use)
2020/06/27 08:54:55 [emerg] 17#17: still could not bind()
2020/06/27 08:55:27 [notice] 20#20: signal process started
2020/06/27 09:25:10 [emerg] 6#6: invalid number of arguments in "try_files" directive in /etc/nginx/conf.d/default.conf:34
2020/06/27 09:25:11 [emerg] 6#6: invalid number of arguments in "try_files" directive in /etc/nginx/conf.d/default.conf:34
2020/06/27 09:25:12 [emerg] 6#6: invalid number of arguments in "try_files" directive in /etc/nginx/conf.d/default.conf:34
2020/06/27 09:25:14 [emerg] 6#6: invalid number of arguments in "try_files" directive in /etc/nginx/conf.d/default.conf:34
2020/06/27 09:25:17 [emerg] 6#6: invalid number of arguments in "try_files" directive in /etc/nginx/conf.d/default.conf:34
2020/06/27 09:25:20 [emerg] 7#7: invalid number of arguments in "try_files" directive in /etc/nginx/conf.d/default.conf:34
2020/06/27 09:25:24 [emerg] 6#6: invalid number of arguments in "try_files" directive in /etc/nginx/conf.d/default.conf:34
2020/06/27 09:25:31 [emerg] 6#6: invalid number of arguments in "try_files" directive in /etc/nginx/conf.d/default.conf:34
2020/06/27 09:25:45 [emerg] 6#6: invalid number of arguments in "try_files" directive in /etc/nginx/conf.d/default.conf:34
2020/06/27 09:26:12 [emerg] 6#6: invalid number of arguments in "try_files" directive in /etc/nginx/conf.d/default.conf:34
2020/08/16 11:42:02 [emerg] 6#6: host not found in upstream "php" in /etc/nginx/conf.d/default.conf:39
2020/08/16 11:42:04 [emerg] 7#7: host not found in upstream "php" in /etc/nginx/conf.d/default.conf:39
2020/08/16 11:42:05 [emerg] 6#6: host not found in upstream "php" in /etc/nginx/conf.d/default.conf:39
2020/08/16 11:42:06 [emerg] 6#6: host not found in upstream "php" in /etc/nginx/conf.d/default.conf:39
2020/08/16 11:42:08 [emerg] 6#6: host not found in upstream "php" in /etc/nginx/conf.d/default.conf:39
2020/08/19 21:12:32 [emerg] 6#6: duplicate location "/admin" in /etc/nginx/conf.d/default.conf:41
2020/08/19 21:12:33 [emerg] 6#6: duplicate location "/admin" in /etc/nginx/conf.d/default.conf:41
2020/08/19 21:12:34 [emerg] 6#6: duplicate location "/admin" in /etc/nginx/conf.d/default.conf:41
2020/08/19 21:12:36 [emerg] 7#7: duplicate location "/admin" in /etc/nginx/conf.d/default.conf:41
2020/08/19 21:12:38 [emerg] 6#6: duplicate location "/admin" in /etc/nginx/conf.d/default.conf:41
2020/08/19 21:12:40 [emerg] 6#6: duplicate location "/admin" in /etc/nginx/conf.d/default.conf:41
2020/08/19 21:12:44 [emerg] 6#6: duplicate location "/admin" in /etc/nginx/conf.d/default.conf:41
2020/08/19 21:12:52 [emerg] 6#6: duplicate location "/admin" in /etc/nginx/conf.d/default.conf:41
2020/08/19 21:13:05 [emerg] 6#6: duplicate location "/admin" in /etc/nginx/conf.d/default.conf:41
2020/08/19 21:13:32 [emerg] 6#6: duplicate location "/admin" in /etc/nginx/conf.d/default.conf:41
2020/08/19 21:14:24 [emerg] 6#6: duplicate location "/admin" in /etc/nginx/conf.d/default.conf:41
2020/09/11 20:39:42 [emerg] 6#6: invalid number of arguments in "try_files" directive in /etc/nginx/conf.d/default.conf:26
2020/09/11 20:39:43 [emerg] 6#6: invalid number of arguments in "try_files" directive in /etc/nginx/conf.d/default.conf:26
2020/09/11 20:39:44 [emerg] 6#6: invalid number of arguments in "try_files" directive in /etc/nginx/conf.d/default.conf:26
2020/09/11 20:39:45 [emerg] 6#6: invalid number of arguments in "try_files" directive in /etc/nginx/conf.d/default.conf:26
2020/09/11 20:39:47 [emerg] 6#6: invalid number of arguments in "try_files" directive in /etc/nginx/conf.d/default.conf:26
2020/09/11 20:39:49 [emerg] 6#6: invalid number of arguments in "try_files" directive in /etc/nginx/conf.d/default.conf:26
2020/09/11 20:39:53 [emerg] 6#6: invalid number of arguments in "try_files" directive in /etc/nginx/conf.d/default.conf:26
2020/09/11 20:40:00 [emerg] 6#6: invalid number of arguments in "try_files" directive in /etc/nginx/conf.d/default.conf:26
2020/09/11 20:40:14 [emerg] 6#6: invalid number of arguments in "try_files" directive in /etc/nginx/conf.d/default.conf:26
2020/09/11 20:40:41 [emerg] 6#6: invalid number of arguments in "try_files" directive in /etc/nginx/conf.d/default.conf:26
2020/09/18 13:59:46 [emerg] 6#6: open() "/var/www/html/logs/backend-access.log" failed (2: No such file or directory)
2020/09/18 13:59:48 [emerg] 6#6: open() "/var/www/html/logs/backend-access.log" failed (2: No such file or directory)
2020/09/18 13:59:49 [emerg] 6#6: open() "/var/www/html/logs/backend-access.log" failed (2: No such file or directory)
2020/09/18 13:59:50 [emerg] 6#6: open() "/var/www/html/logs/backend-access.log" failed (2: No such file or directory)
2020/09/18 13:59:52 [emerg] 6#6: open() "/var/www/html/logs/backend-access.log" failed (2: No such file or directory)
2020/09/18 13:59:54 [emerg] 6#6: open() "/var/www/html/logs/backend-access.log" failed (2: No such file or directory)
2020/09/18 13:59:59 [emerg] 6#6: open() "/var/www/html/logs/backend-access.log" failed (2: No such file or directory)
2020/09/18 14:00:06 [emerg] 6#6: open() "/var/www/html/logs/backend-access.log" failed (2: No such file or directory)
2020/09/18 14:00:19 [emerg] 6#6: open() "/var/www/html/logs/backend-access.log" failed (2: No such file or directory)
2020/09/18 14:00:46 [emerg] 6#6: open() "/var/www/html/logs/backend-access.log" failed (2: No such file or directory)
2020/09/18 14:01:38 [emerg] 6#6: open() "/var/www/html/logs/backend-access.log" failed (2: No such file or directory)
2020/09/18 14:02:25 [emerg] 6#6: open() "/var/www/html/logs/backend-access.log" failed (2: No such file or directory)
2020/09/18 14:02:26 [emerg] 6#6: open() "/var/www/html/logs/backend-access.log" failed (2: No such file or directory)
2020/09/18 14:02:27 [emerg] 6#6: open() "/var/www/html/logs/backend-access.log" failed (2: No such file or directory)
2020/09/18 14:02:28 [emerg] 6#6: open() "/var/www/html/logs/backend-access.log" failed (2: No such file or directory)
2020/09/18 14:02:30 [emerg] 6#6: open() "/var/www/html/logs/backend-access.log" failed (2: No such file or directory)
2020/09/18 14:02:32 [emerg] 7#7: open() "/var/www/html/logs/backend-access.log" failed (2: No such file or directory)
2020/09/18 14:02:36 [emerg] 6#6: open() "/var/www/html/logs/backend-access.log" failed (2: No such file or directory)
2020/09/18 14:02:44 [emerg] 6#6: open() "/var/www/html/logs/backend-access.log" failed (2: No such file or directory)
2020/09/18 14:02:57 [emerg] 6#6: open() "/var/www/html/logs/backend-access.log" failed (2: No such file or directory)
